===== System Monitoring Report =====
Tue Mar 31 16:20:54 UTC 2026
--- CPU & Memory Usage ---
top - 16:20:54 up 4 min,  1 user,  load average: 0.02, 0.06, 0.03
Tasks:  29 total,   1 running,  28 sleeping,   0 stopped,   0 zombie
%Cpu(s):  0.0 us,  0.8 sy,  0.0 ni, 99.2 id,  0.0 wa,  0.0 hi,  0.0 si,  0.0 st 
MiB Mem :  15955.2 total,  14747.3 free,    560.9 used,    852.4 buff/cache     
MiB Swap:   4096.0 total,   4096.0 free,      0.0 used.  15394.3 avail Mem 

    PID USER      PR  NI    VIRT    RES    SHR S  %CPU  %MEM     TIME+ COMMAND
      1 root      20   0   21984  12584   9256 S   0.0   0.1   0:00.63 systemd
      2 root      20   0    3120   1920   1920 S   0.0   0.0   0:00.06 init-sy+
      9 root      20   0    3136   1792   1792 S   0.0   0.0   0:00.00 init
--- Disk Usage ---
Filesystem      Size  Used Avail Use% Mounted on
/dev/sdd       1007G  1.6G  955G   1% /
rootfs          7.8G  2.7M  7.8G   1% /init
none            7.8G     0  7.8G   0% /dev/shm
none            7.8G  520K  7.8G   1% /run
none            7.8G     0  7.8G   0% /run/lock
none            7.8G   76K  7.8G   1% /run/user
tmpfs           1.6G   20K  1.6G   1% /run/user/1000
drivers         477G  398G   79G  84% /usr/lib/wsl/drivers
none            7.8G     0  7.8G   0% /usr/lib/wsl/lib
none            7.8G  4.0K  7.8G   1% /mnt/wsl
none            7.8G   76K  7.8G   1% /mnt/wslg/versions.txt
none            7.8G   76K  7.8G   1% /mnt/wslg/doc
none            7.8G     0  7.8G   0% /usr/lib/modules/6.6.87.2-microsoft-standard-WSL2
C:\             477G  398G   79G  84% /mnt/c
D:\             233G   89G  144G  39% /mnt/d
E:\             1.9T  1.6T  244G  87% /mnt/e
G:\             210G  164G   47G  78% /mnt/g
--- Top Processes (CPU) ---
USER         PID %CPU %MEM    VSZ   RSS TTY      STAT START   TIME COMMAND
root           1  0.2  0.0  21984 12584 ?        Ss   16:16   0:00 /sbin/init
root         109  0.0  0.0  25144  6144 ?        Ss   16:16   0:00 /usr/lib/systemd/systemd-udevd
root          55  0.0  0.0  42164 15368 ?        S<s  16:16   0:00 /usr/lib/systemd/systemd-journald
suhail       525  0.0  0.0  20116 10752 ?        Ss   16:17   0:00 /usr/lib/systemd/systemd --user
--- Top Processes (Memory) ---
USER         PID %CPU %MEM    VSZ   RSS TTY      STAT START   TIME COMMAND
root         225  0.0  0.1 107024 22272 ?        Ssl  16:16   0:00 /usr/bin/python3 /usr/share/unattended-upgrades/unattended-upgrade-shutdown --wait-for-signal
root         912  0.0  0.1 370088 20352 ?        Ssl  16:17   0:00 /usr/libexec/packagekitd
root          55  0.0  0.0  42164 15368 ?        S<s  16:16   0:00 /usr/lib/systemd/systemd-journald
root         197  0.0  0.0 1756620 12800 ?       Ssl  16:16   0:00 /usr/libexec/wsl-pro-service
====================================

